#-----------------------------------------------------------
# Vivado v2025.2 (64-bit)
# SW Build 6299465 on Fri Nov 14 12:34:56 MST 2025
# IP Build 6300035 on Fri Nov 14 10:48:45 MST 2025
# SharedData Build 6298862 on Thu Nov 13 04:50:51 MST 2025
# Start of session at: Sun Jun 14 22:26:10 2026
# Process ID         : 24692
# Current directory  : /home/caio/Documents/Mestrado/SVD_FPGA/work
# Command line       : vivado -mode batch -source ../scripts/synth.tcl -log output/synth.log -journal output/synth.jou
# Log file           : /home/caio/Documents/Mestrado/SVD_FPGA/work/output/synth.log
# Journal file       : /home/caio/Documents/Mestrado/SVD_FPGA/work/output/synth.jou
# Running On         : caio
# Platform           : Ubuntu
# Operating System   : Ubuntu 24.04.4 LTS
# Processor Detail   : AMD Ryzen 5 4600H with Radeon Graphics
# CPU Frequency      : 3994.625 MHz
# CPU Physical cores : 6
# CPU Logical cores  : 12
# Host memory        : 7709 MB
# Swap memory        : 4294 MB
# Total Virtual      : 12004 MB
# Available Virtual  : 6346 MB
#-----------------------------------------------------------
source ../scripts/synth.tcl
# set PART    "xc7z007sclg225-2"
# set TOP     "svd_filter"    
# set RTL_DIR "../rtl"
# set OUT_DIR "./output"
# set WIDTH 16
# set B      2
# set C      80
# set R      80
# set opts "-flatten_hierarchy none"
# file mkdir $OUT_DIR
# read_verilog -sv [glob $RTL_DIR/*.sv]
# read_xdc ../constraints/Zybo-Z7-Master.xdc
# synth_design -top $TOP -part $PART \
# -generic WIDTH=$WIDTH \
# -generic B=$B \
# -generic C=$C \
# -generic R=$R \
# {*}$opts
Command: synth_design -top svd_filter -part xc7z007sclg225-2 -generic WIDTH=16 -generic B=2 -generic C=80 -generic R=80 -flatten_hierarchy none
Starting synth_design
Attempting to get a license for feature 'Synthesis' and/or device 'xc7z007s'
INFO: [Common 17-349] Got license for feature 'Synthesis' and/or device 'xc7z007s'
INFO: [Device 21-403] Loading part xc7z007sclg225-2
INFO: [Synth 8-7079] Multithreading enabled for synth_design using a maximum of 7 processes.
INFO: [Synth 8-7078] Launching helper process for spawning children vivado processes
INFO: [Synth 8-7075] Helper process launched with PID 24757
---------------------------------------------------------------------------------
Starting RTL Elaboration : Time (s): cpu = 00:00:04 ; elapsed = 00:00:04 . Memory (MB): peak = 2208.676 ; gain = 485.125 ; free physical = 744 ; free virtual = 4703
---------------------------------------------------------------------------------
INFO: [Common 17-41] Interrupt caught. Command should exit soon.
WARNING: [Synth 8-6901] identifier 'WIDTH' is used before its declaration [/home/caio/Documents/Mestrado/SVD_FPGA/rtl/fir_filter_wrapper.sv:5]
WARNING: [Synth 8-6901] identifier 'WIDTH' is used before its declaration [/home/caio/Documents/Mestrado/SVD_FPGA/rtl/fir_filter_wrapper.sv:6]
WARNING: [Synth 8-6901] identifier 'WIDTH' is used before its declaration [/home/caio/Documents/Mestrado/SVD_FPGA/rtl/fir_filter_wrapper.sv:10]
WARNING: [Synth 8-6901] identifier 'R' is used before its declaration [/home/caio/Documents/Mestrado/SVD_FPGA/rtl/fir_filter_wrapper.sv:11]
WARNING: [Synth 8-6901] identifier 'C' is used before its declaration [/home/caio/Documents/Mestrado/SVD_FPGA/rtl/fir_filter_wrapper.sv:11]
INFO: [Common 17-41] Interrupt caught. Command should exit soon.
1
INFO: [Common 17-83] Releasing license: Synthesis
8 Infos, 5 Warnings, 0 Critical Warnings and 1 Errors encountered.
synth_design failed
synth_design: Time (s): cpu = 00:00:11 ; elapsed = 00:00:09 . Memory (MB): peak = 2293.645 ; gain = 717.633 ; free physical = 795 ; free virtual = 4754
INFO: [Common 17-2834] synth_design peak Physical Memory [PSS] (MB): overall = 1731.330; main = 1731.330; forked = 0.000
INFO: [Common 17-2834] synth_design peak Virtual Memory [VSS] (MB): overall = 2293.648; main = 2293.648; forked = 0.000
INFO: [Common 17-344] 'source' was cancelled
INFO: [Common 17-206] Exiting Vivado at Sun Jun 14 22:26:24 2026...
