Copyright 1986-2022 Xilinx, Inc. All Rights Reserved. Copyright 2022-2025 Advanced Micro Devices, Inc. All Rights Reserved.
---------------------------------------------------------------------------------------------------------------------------------------------
| Tool Version : Vivado v.2025.2 (lin64) Build 6299465 Fri Nov 14 12:34:56 MST 2025
| Date         : Sun Jun 14 22:03:34 2026
| Host         : caio running 64-bit Ubuntu 24.04.4 LTS
| Command      : report_timing_summary -file ./output/timing_synth.rpt
| Design       : fir_filter
| Device       : 7z007s-clg225
| Speed File   : -2  PRODUCTION 1.12 2019-11-22
| Design State : Synthesized
---------------------------------------------------------------------------------------------------------------------------------------------

Timing Summary Report

------------------------------------------------------------------------------------------------
| Timer Settings
| --------------
------------------------------------------------------------------------------------------------

  Enable Multi Corner Analysis               :  Yes
  Enable Pessimism Removal                   :  Yes
  Pessimism Removal Resolution               :  Nearest Common Node
  Enable Input Delay Default Clock           :  No
  Enable Preset / Clear Arcs                 :  No
  Disable Flight Delays                      :  No
  Ignore I/O Paths                           :  No
  Timing Early Launch at Borrowing Latches   :  No
  Borrow Time for Max Delay Exceptions       :  Yes
  Merge Timing Exceptions                    :  Yes
  Inter-SLR Compensation                     :  Conservative

  Corner  Analyze    Analyze    
  Name    Max Paths  Min Paths  
  ------  ---------  ---------  
  Slow    Yes        Yes        
  Fast    Yes        Yes        


------------------------------------------------------------------------------------------------
| Report Methodology
| ------------------
------------------------------------------------------------------------------------------------

No report available as report_methodology has not been run prior. Run report_methodology on the current design for the summary of methodology violations.



check_timing report

Table of Contents
-----------------
1. checking no_clock (0)
2. checking constant_clock (0)
3. checking pulse_width_clock (0)
4. checking unconstrained_internal_endpoints (0)
5. checking no_input_delay (47)
6. checking no_output_delay (17)
7. checking multiple_clock (0)
8. checking generated_clocks (0)
9. checking loops (0)
10. checking partial_input_delay (0)
11. checking partial_output_delay (0)
12. checking latch_loops (0)

1. checking no_clock (0)
------------------------
 There are 0 register/latch pins with no clock.


2. checking constant_clock (0)
------------------------------
 There are 0 register/latch pins with constant_clock.


3. checking pulse_width_clock (0)
---------------------------------
 There are 0 register/latch pins which need pulse_width check


4. checking unconstrained_internal_endpoints (0)
------------------------------------------------
 There are 0 pins that are not constrained for maximum delay.

 There are 0 pins that are not constrained for maximum delay due to constant clock.


5. checking no_input_delay (47)
-------------------------------
 There are 47 input ports with no input delay specified. (HIGH)

 There are 0 input ports with no input delay but user has a false path constraint.


6. checking no_output_delay (17)
--------------------------------
 There are 17 ports with no output delay specified. (HIGH)

 There are 0 ports with no output delay but user has a false path constraint

 There are 0 ports with no output delay but with a timing clock defined on it or propagating through it


7. checking multiple_clock (0)
------------------------------
 There are 0 register/latch pins with multiple clocks.


8. checking generated_clocks (0)
--------------------------------
 There are 0 generated clocks that are not connected to a clock source.


9. checking loops (0)
---------------------
 There are 0 combinational loops in the design.


10. checking partial_input_delay (0)
------------------------------------
 There are 0 input ports with partial input delay specified.


11. checking partial_output_delay (0)
-------------------------------------
 There are 0 ports with partial output delay specified.


12. checking latch_loops (0)
----------------------------
 There are 0 combinational latch loops in the design through latch input



------------------------------------------------------------------------------------------------
| Design Timing Summary
| ---------------------
------------------------------------------------------------------------------------------------

    WNS(ns)      TNS(ns)  TNS Failing Endpoints  TNS Total Endpoints      WHS(ns)      THS(ns)  THS Failing Endpoints  THS Total Endpoints     WPWS(ns)     TPWS(ns)  TPWS Failing Endpoints  TPWS Total Endpoints  
    -------      -------  ---------------------  -------------------      -------      -------  ---------------------  -------------------     --------     --------  ----------------------  --------------------  
      1.179        0.000                      0                30825        0.096        0.000                      0                30825        2.870        0.000                       0                  3459  


All user specified timing constraints are met.


------------------------------------------------------------------------------------------------
| Clock Summary
| -------------
------------------------------------------------------------------------------------------------

Clock    Waveform(ns)                 Period(ns)      Frequency(MHz)
-----    ------------                 ----------      --------------
clk_pin  {0.000 4.000}                8.000           125.000         
x_clk    {0.000 500000.024}           1000000.047     0.001           


------------------------------------------------------------------------------------------------
| Intra Clock Table
| -----------------
------------------------------------------------------------------------------------------------

Clock             WNS(ns)      TNS(ns)  TNS Failing Endpoints  TNS Total Endpoints      WHS(ns)      THS(ns)  THS Failing Endpoints  THS Total Endpoints     WPWS(ns)     TPWS(ns)  TPWS Failing Endpoints  TPWS Total Endpoints  
-----             -------      -------  ---------------------  -------------------      -------      -------  ---------------------  -------------------     --------     --------  ----------------------  --------------------  
clk_pin             1.179        0.000                      0                30825        0.096        0.000                      0                30825        2.870        0.000                       0                  3459  


------------------------------------------------------------------------------------------------
| Inter Clock Table
| -----------------
------------------------------------------------------------------------------------------------

From Clock    To Clock          WNS(ns)      TNS(ns)  TNS Failing Endpoints  TNS Total Endpoints      WHS(ns)      THS(ns)  THS Failing Endpoints  THS Total Endpoints  
----------    --------          -------      -------  ---------------------  -------------------      -------      -------  ---------------------  -------------------  


------------------------------------------------------------------------------------------------
| Other Path Groups Table
| -----------------------
------------------------------------------------------------------------------------------------

Path Group    From Clock    To Clock          WNS(ns)      TNS(ns)  TNS Failing Endpoints  TNS Total Endpoints      WHS(ns)      THS(ns)  THS Failing Endpoints  THS Total Endpoints  
----------    ----------    --------          -------      -------  ---------------------  -------------------      -------      -------  ---------------------  -------------------  


------------------------------------------------------------------------------------------------
| Timing Details
| --------------
------------------------------------------------------------------------------------------------


---------------------------------------------------------------------------------------------------
From Clock:  clk_pin
  To Clock:  clk_pin

Setup :            0  Failing Endpoints,  Worst Slack        1.179ns,  Total Violation        0.000ns
Hold  :            0  Failing Endpoints,  Worst Slack        0.096ns,  Total Violation        0.000ns
PW    :            0  Failing Endpoints,  Worst Slack        2.870ns,  Total Violation        0.000ns
---------------------------------------------------------------------------------------------------


Max Delay Paths
--------------------------------------------------------------------------------------
Slack (MET) :             1.179ns  (required time - arrival time)
  Source:                 x_buf/wr_ptr_reg[4]/C
                            (rising edge-triggered cell FDCE clocked by clk_pin  {rise@0.000ns fall@4.000ns period=8.000ns})
  Destination:            x_buf/wr_ptr_reg[12]/D
                            (rising edge-triggered cell FDCE clocked by clk_pin  {rise@0.000ns fall@4.000ns period=8.000ns})
  Path Group:             clk_pin
  Path Type:              Setup (Max at Slow Process Corner)
  Requirement:            8.000ns  (clk_pin rise@8.000ns - clk_pin rise@0.000ns)
  Data Path Delay:        6.670ns  (logic 3.914ns (58.681%)  route 2.756ns (41.319%))
  Logic Levels:           10  (CARRY4=8 LUT2=1 LUT4=1)
  Clock Path Skew:        -0.145ns (DCD - SCD + CPR)
    Destination Clock Delay (DCD):    1.900ns = ( 9.900 - 8.000 ) 
    Source Clock Delay      (SCD):    2.216ns
    Clock Pessimism Removal (CPR):    0.171ns
  Clock Uncertainty:      0.035ns  ((TSJ^2 + TIJ^2)^1/2 + DJ) / 2 + PE
    Total System Jitter     (TSJ):    0.071ns
    Total Input Jitter      (TIJ):    0.000ns
    Discrete Jitter          (DJ):    0.000ns
    Phase Error              (PE):    0.000ns

    Location             Delay type                Incr(ns)  Path(ns)    Netlist Resource(s)
  -------------------------------------------------------------------    -------------------
                         (clock clk_pin rise edge)    0.000     0.000 r  
                                                      0.000     0.000 r  clk (IN)
                         net (fo=0)                   0.000     0.000    clk
                         IBUF (Prop_ibuf_I_O)         0.902     0.902 r  clk_IBUF_inst/O
                         net (fo=1, unplaced)         0.646     1.547    clk_IBUF
                         BUFG (Prop_bufg_I_O)         0.085     1.632 r  clk_IBUF_BUFG_inst/O
                         net (fo=3458, unplaced)      0.584     2.216    x_buf/clk
                         FDCE                                         r  x_buf/wr_ptr_reg[4]/C
  -------------------------------------------------------------------    -------------------
                         FDCE (Prop_fdce_C_Q)         0.379     2.595 r  x_buf/wr_ptr_reg[4]/Q
                         net (fo=3, unplaced)         0.836     3.431    x_buf/o_wr_ptr[4]
                         CARRY4 (Prop_carry4_S[3]_CO[3])
                                                      0.546     3.977 r  x_buf/wr_ptr_reg[7]_i_3/CO[3]
                         net (fo=1, unplaced)         0.000     3.977    x_buf/wr_ptr_reg[7]_i_3_n_0
                         CARRY4 (Prop_carry4_CI_CO[3])
                                                      0.100     4.077 r  x_buf/wr_ptr_reg[11]_i_6/CO[3]
                         net (fo=1, unplaced)         0.000     4.077    x_buf/wr_ptr_reg[11]_i_6_n_0
                         CARRY4 (Prop_carry4_CI_CO[3])
                                                      0.100     4.177 r  x_buf/wr_ptr_reg[12]_i_6/CO[3]
                         net (fo=1, unplaced)         0.000     4.177    x_buf/wr_ptr_reg[12]_i_6_n_0
                         CARRY4 (Prop_carry4_CI_CO[0])
                                                      0.238     4.415 r  x_buf/wr_ptr_reg[12]_i_9/CO[0]
                         net (fo=5, unplaced)         0.555     4.970    x_buf/wr_ptr1[13]
                         CARRY4 (Prop_carry4_S[1]_CO[2])
                                                      0.774     5.744 r  x_buf/wr_ptr_reg[11]_i_11/CO[2]
                         net (fo=1, unplaced)         0.349     6.093    x_buf/wr_ptr_reg[11]_i_11_n_1
                         LUT2 (Prop_lut2_I1_O)        0.252     6.345 r  x_buf/wr_ptr[11]_i_9/O
                         net (fo=1, unplaced)         0.000     6.345    x_buf/wr_ptr[11]_i_9_n_0
                         CARRY4 (Prop_carry4_S[1]_O[3])
                                                      0.534     6.879 r  x_buf/wr_ptr_reg[11]_i_3/O[3]
                         net (fo=2, unplaced)         0.654     7.533    x_buf/wr_ptr_reg[11]_i_3_n_4
                         CARRY4 (Prop_carry4_S[3]_CO[3])
                                                      0.564     8.097 r  x_buf/wr_ptr_reg[11]_i_2/CO[3]
                         net (fo=1, unplaced)         0.000     8.097    x_buf/wr_ptr_reg[11]_i_2_n_0
                         CARRY4 (Prop_carry4_CI_O[0])
                                                      0.189     8.286 r  x_buf/wr_ptr_reg[12]_i_3/O[0]
                         net (fo=1, unplaced)         0.362     8.648    x_buf/wr_ptr_reg[12]_i_3_n_7
                         LUT4 (Prop_lut4_I0_O)        0.238     8.886 r  x_buf/wr_ptr[12]_i_1/O
                         net (fo=1, unplaced)         0.000     8.886    x_buf/wr_ptr0_in[12]
                         FDCE                                         r  x_buf/wr_ptr_reg[12]/D
  -------------------------------------------------------------------    -------------------

                         (clock clk_pin rise edge)    8.000     8.000 r  
                                                      0.000     8.000 r  clk (IN)
                         net (fo=0)                   0.000     8.000    clk
                         IBUF (Prop_ibuf_I_O)         0.771     8.771 r  clk_IBUF_inst/O
                         net (fo=1, unplaced)         0.613     9.384    clk_IBUF
                         BUFG (Prop_bufg_I_O)         0.077     9.461 r  clk_IBUF_BUFG_inst/O
                         net (fo=3458, unplaced)      0.439     9.900    x_buf/clk
                         FDCE                                         r  x_buf/wr_ptr_reg[12]/C
                         clock pessimism              0.171    10.071    
                         clock uncertainty           -0.035    10.036    
                         FDCE (Setup_fdce_C_D)        0.029    10.065    x_buf/wr_ptr_reg[12]
  -------------------------------------------------------------------
                         required time                         10.065    
                         arrival time                          -8.886    
  -------------------------------------------------------------------
                         slack                                  1.179    





Min Delay Paths
--------------------------------------------------------------------------------------
Slack (MET) :             0.096ns  (arrival time - required time)
  Source:                 x_buf/ram_din_reg[0]/C
                            (rising edge-triggered cell FDCE clocked by clk_pin  {rise@0.000ns fall@4.000ns period=8.000ns})
  Destination:            x_buf/uut/ram_block_reg_0_255_0_0/RAMS64E_A/I
                            (rising edge-triggered cell RAMS64E clocked by clk_pin  {rise@0.000ns fall@4.000ns period=8.000ns})
  Path Group:             clk_pin
  Path Type:              Hold (Min at Fast Process Corner)
  Requirement:            0.000ns  (clk_pin rise@0.000ns - clk_pin rise@0.000ns)
  Data Path Delay:        0.335ns  (logic 0.141ns (42.040%)  route 0.194ns (57.960%))
  Logic Levels:           0  
  Clock Path Skew:        0.145ns (DCD - SCD - CPR)
    Destination Clock Delay (DCD):    1.012ns
    Source Clock Delay      (SCD):    0.659ns
    Clock Pessimism Removal (CPR):    0.209ns

    Location             Delay type                Incr(ns)  Path(ns)    Netlist Resource(s)
  -------------------------------------------------------------------    -------------------
                         (clock clk_pin rise edge)    0.000     0.000 r  
                                                      0.000     0.000 r  clk (IN)
                         net (fo=0)                   0.000     0.000    clk
                         IBUF (Prop_ibuf_I_O)         0.199     0.199 r  clk_IBUF_inst/O
                         net (fo=1, unplaced)         0.320     0.519    clk_IBUF
                         BUFG (Prop_bufg_I_O)         0.026     0.545 r  clk_IBUF_BUFG_inst/O
                         net (fo=3458, unplaced)      0.114     0.659    x_buf/clk
                         FDCE                                         r  x_buf/ram_din_reg[0]/C
  -------------------------------------------------------------------    -------------------
                         FDCE (Prop_fdce_C_Q)         0.141     0.800 r  x_buf/ram_din_reg[0]/Q
                         net (fo=100, unplaced)       0.194     0.994    x_buf/uut/ram_block_reg_0_255_0_0/D
                         RAMS64E                                      r  x_buf/uut/ram_block_reg_0_255_0_0/RAMS64E_A/I
  -------------------------------------------------------------------    -------------------

                         (clock clk_pin rise edge)    0.000     0.000 r  
                                                      0.000     0.000 r  clk (IN)
                         net (fo=0)                   0.000     0.000    clk
                         IBUF (Prop_ibuf_I_O)         0.387     0.387 r  clk_IBUF_inst/O
                         net (fo=1, unplaced)         0.337     0.724    clk_IBUF
                         BUFG (Prop_bufg_I_O)         0.029     0.753 r  clk_IBUF_BUFG_inst/O
                         net (fo=3458, unplaced)      0.259     1.012    x_buf/uut/ram_block_reg_0_255_0_0/WCLK
                         RAMS64E                                      r  x_buf/uut/ram_block_reg_0_255_0_0/RAMS64E_A/CLK
                         clock pessimism             -0.209     0.804    
                         RAMS64E (Hold_rams64e_CLK_I)
                                                      0.094     0.898    x_buf/uut/ram_block_reg_0_255_0_0/RAMS64E_A
  -------------------------------------------------------------------
                         required time                         -0.898    
                         arrival time                           0.994    
  -------------------------------------------------------------------
                         slack                                  0.096    





Pulse Width Checks
--------------------------------------------------------------------------------------
Clock Name:         clk_pin
Waveform(ns):       { 0.000 4.000 }
Period(ns):         8.000
Sources:            { clk }

Check Type        Corner  Lib Pin      Reference Pin  Required(ns)  Actual(ns)  Slack(ns)  Location  Pin
Min Period        n/a     BUFG/I       n/a            1.592         8.000       6.408                clk_IBUF_BUFG_inst/I
Low Pulse Width   Slow    RAMS64E/CLK  n/a            1.130         4.000       2.870                FIR_mult/VT_w/ram_block_reg_0_255_0_0/RAMS64E_A/CLK
High Pulse Width  Slow    RAMS64E/CLK  n/a            1.130         4.000       2.870                FIR_mult/VT_w/ram_block_reg_0_255_0_0/RAMS64E_A/CLK



